<?xml version="1.0" encoding="UTF-8"?>
<!-- Generated by org.testng.reporters.JUnitReportReporter -->
<testsuite hostname="User-PC" failures="0" tests="1" name="testing.Sample" time="0.023" errors="0" timestamp="2021-04-25T14:35:28 IST" skipped="0">
  <testcase classname="testing.Sample" name="test" time="0.023"/>
  <system-out/>
</testsuite> <!-- testing.Sample -->
